<?xml version="1.0" encoding="UTF-8"?>
<testng-results ignored="0" total="1" passed="1" failed="0" skipped="0">
  <reporter-output>
  </reporter-output>
  <suite started-at="2023-03-18T00:13:15Z" name="Default suite" finished-at="2023-03-18T00:13:26Z" duration-ms="10981">
    <groups>
    </groups>
    <test started-at="2023-03-18T00:13:15Z" name="Default test" finished-at="2023-03-18T00:13:26Z" duration-ms="10981">
      <class name="test.LoginTest">
        <test-method signature="validuserShouldbeAbleTologin()[pri:0, instance:test.LoginTest@68d279ec]" started-at="2023-03-18T00:13:15Z" name="validuserShouldbeAbleTologin" finished-at="2023-03-18T00:13:26Z" duration-ms="10955" status="PASS">
          <reporter-output>
          </reporter-output>
        </test-method> <!-- validuserShouldbeAbleTologin -->
      </class> <!-- test.LoginTest -->
    </test> <!-- Default test -->
  </suite> <!-- Default suite -->
</testng-results>
